{"/Users/dan/Github/mailServiceDemo/api/models/mailServerModel.js":{"path":"/Users/dan/Github/mailServiceDemo/api/models/mailServerModel.js","s":{"1":1,"2":1,"3":1,"4":1,"5":1,"6":1,"7":1,"8":7,"9":7,"10":7,"11":7,"12":7,"13":7,"14":2,"15":2,"16":1,"17":7,"18":22,"19":22,"20":22,"21":22,"22":4,"23":4,"24":3,"25":22,"26":4,"27":4,"28":3,"29":22,"30":4,"31":4,"32":3,"33":22,"34":4,"35":4,"36":2,"37":22,"38":11,"39":22,"40":22,"41":6,"42":22,"43":22,"44":7,"45":6,"46":7,"47":0,"48":7,"49":1},"b":{"1":[2,5],"2":[4,18],"3":[3,1],"4":[4,18],"5":[3,1],"6":[4,18],"7":[3,1],"8":[4,18],"9":[2,2],"10":[11,11],"11":[6,16]},"f":{"1":1,"2":7,"3":1,"4":22,"5":22,"6":6,"7":0},"fnMap":{"1":{"name":"(anonymous_1)","line":9,"loc":{"start":{"line":9,"column":15},"end":{"line":9,"column":25}}},"2":{"name":"(anonymous_2)","line":12,"loc":{"start":{"line":12,"column":31},"end":{"line":12,"column":58}}},"3":{"name":"(anonymous_3)","line":23,"loc":{"start":{"line":23,"column":21},"end":{"line":23,"column":34}}},"4":{"name":"(anonymous_4)","line":29,"loc":{"start":{"line":29,"column":20},"end":{"line":29,"column":34}}},"5":{"name":"(anonymous_5)","line":32,"loc":{"start":{"line":32,"column":24},"end":{"line":32,"column":39}}},"6":{"name":"(anonymous_6)","line":71,"loc":{"start":{"line":71,"column":16},"end":{"line":71,"column":38}}},"7":{"name":"(anonymous_7)","line":76,"loc":{"start":{"line":76,"column":18},"end":{"line":76,"column":32}}}},"statementMap":{"1":{"start":{"line":3,"column":0},"end":{"line":3,"column":29}},"2":{"start":{"line":4,"column":0},"end":{"line":4,"column":25}},"3":{"start":{"line":5,"column":0},"end":{"line":5,"column":56}},"4":{"start":{"line":6,"column":0},"end":{"line":6,"column":52}},"5":{"start":{"line":7,"column":0},"end":{"line":7,"column":34}},"6":{"start":{"line":9,"column":0},"end":{"line":9,"column":28}},"7":{"start":{"line":12,"column":0},"end":{"line":83,"column":2}},"8":{"start":{"line":14,"column":1},"end":{"line":14,"column":73}},"9":{"start":{"line":15,"column":1},"end":{"line":15,"column":19}},"10":{"start":{"line":16,"column":1},"end":{"line":16,"column":22}},"11":{"start":{"line":17,"column":1},"end":{"line":17,"column":22}},"12":{"start":{"line":18,"column":1},"end":{"line":18,"column":23}},"13":{"start":{"line":21,"column":1},"end":{"line":27,"column":2}},"14":{"start":{"line":22,"column":2},"end":{"line":22,"column":85}},"15":{"start":{"line":23,"column":2},"end":{"line":25,"column":5}},"16":{"start":{"line":24,"column":3},"end":{"line":24,"column":29}},"17":{"start":{"line":29,"column":1},"end":{"line":69,"column":4}},"18":{"start":{"line":31,"column":3},"end":{"line":31,"column":65}},"19":{"start":{"line":32,"column":3},"end":{"line":66,"column":6}},"20":{"start":{"line":33,"column":4},"end":{"line":33,"column":31}},"21":{"start":{"line":35,"column":4},"end":{"line":39,"column":3}},"22":{"start":{"line":36,"column":5},"end":{"line":36,"column":55}},"23":{"start":{"line":37,"column":5},"end":{"line":38,"column":31}},"24":{"start":{"line":38,"column":6},"end":{"line":38,"column":31}},"25":{"start":{"line":40,"column":2},"end":{"line":44,"column":3}},"26":{"start":{"line":41,"column":5},"end":{"line":41,"column":53}},"27":{"start":{"line":42,"column":5},"end":{"line":43,"column":31}},"28":{"start":{"line":43,"column":6},"end":{"line":43,"column":31}},"29":{"start":{"line":45,"column":2},"end":{"line":49,"column":3}},"30":{"start":{"line":46,"column":5},"end":{"line":46,"column":47}},"31":{"start":{"line":47,"column":5},"end":{"line":48,"column":31}},"32":{"start":{"line":48,"column":6},"end":{"line":48,"column":31}},"33":{"start":{"line":50,"column":2},"end":{"line":54,"column":3}},"34":{"start":{"line":51,"column":3},"end":{"line":51,"column":42}},"35":{"start":{"line":52,"column":5},"end":{"line":53,"column":31}},"36":{"start":{"line":53,"column":6},"end":{"line":53,"column":31}},"37":{"start":{"line":56,"column":4},"end":{"line":58,"column":5}},"38":{"start":{"line":57,"column":5},"end":{"line":57,"column":25}},"39":{"start":{"line":60,"column":4},"end":{"line":60,"column":19}},"40":{"start":{"line":61,"column":4},"end":{"line":65,"column":5}},"41":{"start":{"line":64,"column":5},"end":{"line":64,"column":31}},"42":{"start":{"line":67,"column":3},"end":{"line":67,"column":25}},"43":{"start":{"line":68,"column":3},"end":{"line":68,"column":20}},"44":{"start":{"line":71,"column":1},"end":{"line":74,"column":4}},"45":{"start":{"line":73,"column":2},"end":{"line":73,"column":29}},"46":{"start":{"line":76,"column":1},"end":{"line":78,"column":4}},"47":{"start":{"line":77,"column":2},"end":{"line":77,"column":44}},"48":{"start":{"line":81,"column":1},"end":{"line":81,"column":19}},"49":{"start":{"line":86,"column":0},"end":{"line":86,"column":32}}},"branchMap":{"1":{"line":21,"type":"if","locations":[{"start":{"line":21,"column":1},"end":{"line":21,"column":1}},{"start":{"line":21,"column":1},"end":{"line":21,"column":1}}]},"2":{"line":35,"type":"if","locations":[{"start":{"line":35,"column":4},"end":{"line":35,"column":4}},{"start":{"line":35,"column":4},"end":{"line":35,"column":4}}]},"3":{"line":37,"type":"if","locations":[{"start":{"line":37,"column":5},"end":{"line":37,"column":5}},{"start":{"line":37,"column":5},"end":{"line":37,"column":5}}]},"4":{"line":40,"type":"if","locations":[{"start":{"line":40,"column":2},"end":{"line":40,"column":2}},{"start":{"line":40,"column":2},"end":{"line":40,"column":2}}]},"5":{"line":42,"type":"if","locations":[{"start":{"line":42,"column":5},"end":{"line":42,"column":5}},{"start":{"line":42,"column":5},"end":{"line":42,"column":5}}]},"6":{"line":45,"type":"if","locations":[{"start":{"line":45,"column":2},"end":{"line":45,"column":2}},{"start":{"line":45,"column":2},"end":{"line":45,"column":2}}]},"7":{"line":47,"type":"if","locations":[{"start":{"line":47,"column":5},"end":{"line":47,"column":5}},{"start":{"line":47,"column":5},"end":{"line":47,"column":5}}]},"8":{"line":50,"type":"if","locations":[{"start":{"line":50,"column":2},"end":{"line":50,"column":2}},{"start":{"line":50,"column":2},"end":{"line":50,"column":2}}]},"9":{"line":52,"type":"if","locations":[{"start":{"line":52,"column":5},"end":{"line":52,"column":5}},{"start":{"line":52,"column":5},"end":{"line":52,"column":5}}]},"10":{"line":56,"type":"if","locations":[{"start":{"line":56,"column":4},"end":{"line":56,"column":4}},{"start":{"line":56,"column":4},"end":{"line":56,"column":4}}]},"11":{"line":61,"type":"if","locations":[{"start":{"line":61,"column":4},"end":{"line":61,"column":4}},{"start":{"line":61,"column":4},"end":{"line":61,"column":4}}]}}}}