TN:
SF:/Users/dan/Github/mailServiceDemo/api/models/mailServerModel.js
FN:9,(anonymous_1)
FN:12,(anonymous_2)
FN:23,(anonymous_3)
FN:29,(anonymous_4)
FN:32,(anonymous_5)
FN:71,(anonymous_6)
FN:76,(anonymous_7)
FNF:7
FNH:6
FNDA:1,(anonymous_1)
FNDA:7,(anonymous_2)
FNDA:1,(anonymous_3)
FNDA:22,(anonymous_4)
FNDA:22,(anonymous_5)
FNDA:6,(anonymous_6)
FNDA:0,(anonymous_7)
DA:3,1
DA:4,1
DA:5,1
DA:6,1
DA:7,1
DA:9,1
DA:12,1
DA:14,7
DA:15,7
DA:16,7
DA:17,7
DA:18,7
DA:21,7
DA:22,2
DA:23,2
DA:24,1
DA:29,7
DA:31,22
DA:32,22
DA:33,22
DA:35,22
DA:36,4
DA:37,4
DA:38,3
DA:40,22
DA:41,4
DA:42,4
DA:43,3
DA:45,22
DA:46,4
DA:47,4
DA:48,3
DA:50,22
DA:51,4
DA:52,4
DA:53,2
DA:56,22
DA:57,11
DA:60,22
DA:61,22
DA:64,6
DA:67,22
DA:68,22
DA:71,7
DA:73,6
DA:76,7
DA:77,0
DA:81,7
DA:86,1
LF:49
LH:48
BRDA:21,1,0,2
BRDA:21,1,1,5
BRDA:35,2,0,4
BRDA:35,2,1,18
BRDA:37,3,0,3
BRDA:37,3,1,1
BRDA:40,4,0,4
BRDA:40,4,1,18
BRDA:42,5,0,3
BRDA:42,5,1,1
BRDA:45,6,0,4
BRDA:45,6,1,18
BRDA:47,7,0,3
BRDA:47,7,1,1
BRDA:50,8,0,4
BRDA:50,8,1,18
BRDA:52,9,0,2
BRDA:52,9,1,2
BRDA:56,10,0,11
BRDA:56,10,1,11
BRDA:61,11,0,6
BRDA:61,11,1,16
BRF:22
BRH:22
end_of_record
